c:\users\jacup\desktop\escuela\segundo cuatri\progra\repo\programacion_2_2019b_jesus_alberto_delmoral_cupil\parcial 1\practicas\zoologico\zoologico\debug\vc141.pdb
c:\users\jacup\desktop\escuela\segundo cuatri\progra\repo\programacion_2_2019b_jesus_alberto_delmoral_cupil\parcial 1\practicas\zoologico\zoologico\debug\vc141.idb
c:\users\jacup\desktop\escuela\segundo cuatri\progra\repo\programacion_2_2019b_jesus_alberto_delmoral_cupil\parcial 1\practicas\zoologico\zoologico\debug\utilerias.obj
c:\users\jacup\desktop\escuela\segundo cuatri\progra\repo\programacion_2_2019b_jesus_alberto_delmoral_cupil\parcial 1\practicas\zoologico\zoologico\debug\source.obj
c:\users\jacup\desktop\escuela\segundo cuatri\progra\repo\programacion_2_2019b_jesus_alberto_delmoral_cupil\parcial 1\practicas\zoologico\zoologico\debug\animales.obj
c:\users\jacup\desktop\escuela\segundo cuatri\progra\repo\programacion_2_2019b_jesus_alberto_delmoral_cupil\parcial 1\practicas\zoologico\zoologico\debug\utilerias.obj.enc
c:\users\jacup\desktop\escuela\segundo cuatri\progra\repo\programacion_2_2019b_jesus_alberto_delmoral_cupil\parcial 1\practicas\zoologico\debug\zoologico.pdb
c:\users\jacup\desktop\escuela\segundo cuatri\progra\repo\programacion_2_2019b_jesus_alberto_delmoral_cupil\parcial 1\practicas\zoologico\zoologico\debug\zoologico.tlog\cl.command.1.tlog
c:\users\jacup\desktop\escuela\segundo cuatri\progra\repo\programacion_2_2019b_jesus_alberto_delmoral_cupil\parcial 1\practicas\zoologico\zoologico\debug\zoologico.tlog\cl.read.1.tlog
c:\users\jacup\desktop\escuela\segundo cuatri\progra\repo\programacion_2_2019b_jesus_alberto_delmoral_cupil\parcial 1\practicas\zoologico\zoologico\debug\zoologico.tlog\cl.write.1.tlog
c:\users\jacup\desktop\escuela\segundo cuatri\progra\repo\programacion_2_2019b_jesus_alberto_delmoral_cupil\parcial 1\practicas\zoologico\zoologico\debug\zoologico.tlog\link-cvtres.read.1.tlog
c:\users\jacup\desktop\escuela\segundo cuatri\progra\repo\programacion_2_2019b_jesus_alberto_delmoral_cupil\parcial 1\practicas\zoologico\zoologico\debug\zoologico.tlog\link-cvtres.write.1.tlog
c:\users\jacup\desktop\escuela\segundo cuatri\progra\repo\programacion_2_2019b_jesus_alberto_delmoral_cupil\parcial 1\practicas\zoologico\zoologico\debug\zoologico.tlog\link-rc.read.1.tlog
c:\users\jacup\desktop\escuela\segundo cuatri\progra\repo\programacion_2_2019b_jesus_alberto_delmoral_cupil\parcial 1\practicas\zoologico\zoologico\debug\zoologico.tlog\link-rc.write.1.tlog
c:\users\jacup\desktop\escuela\segundo cuatri\progra\repo\programacion_2_2019b_jesus_alberto_delmoral_cupil\parcial 1\practicas\zoologico\zoologico\debug\zoologico.tlog\link.9148-cvtres.read.1.tlog
c:\users\jacup\desktop\escuela\segundo cuatri\progra\repo\programacion_2_2019b_jesus_alberto_delmoral_cupil\parcial 1\practicas\zoologico\zoologico\debug\zoologico.tlog\link.9148-cvtres.write.1.tlog
c:\users\jacup\desktop\escuela\segundo cuatri\progra\repo\programacion_2_2019b_jesus_alberto_delmoral_cupil\parcial 1\practicas\zoologico\zoologico\debug\zoologico.tlog\link.9148-rc.read.1.tlog
c:\users\jacup\desktop\escuela\segundo cuatri\progra\repo\programacion_2_2019b_jesus_alberto_delmoral_cupil\parcial 1\practicas\zoologico\zoologico\debug\zoologico.tlog\link.9148-rc.write.1.tlog
c:\users\jacup\desktop\escuela\segundo cuatri\progra\repo\programacion_2_2019b_jesus_alberto_delmoral_cupil\parcial 1\practicas\zoologico\zoologico\debug\zoologico.tlog\link.9148.read.1.tlog
c:\users\jacup\desktop\escuela\segundo cuatri\progra\repo\programacion_2_2019b_jesus_alberto_delmoral_cupil\parcial 1\practicas\zoologico\zoologico\debug\zoologico.tlog\link.9148.write.1.tlog
c:\users\jacup\desktop\escuela\segundo cuatri\progra\repo\programacion_2_2019b_jesus_alberto_delmoral_cupil\parcial 1\practicas\zoologico\zoologico\debug\zoologico.tlog\link.command.1.tlog
c:\users\jacup\desktop\escuela\segundo cuatri\progra\repo\programacion_2_2019b_jesus_alberto_delmoral_cupil\parcial 1\practicas\zoologico\zoologico\debug\zoologico.tlog\link.read.1.tlog
c:\users\jacup\desktop\escuela\segundo cuatri\progra\repo\programacion_2_2019b_jesus_alberto_delmoral_cupil\parcial 1\practicas\zoologico\zoologico\debug\zoologico.tlog\link.write.1.tlog
